app/build/intermediates/manifest_merge_blame_file/debug/manifest-merger-blame-debug-report.txt
1<?xml version="1.0" encoding="utf-8"?>
2<manifest xmlns:android="http://schemas.android.com/apk/res/android"
3    package="org.balau.fakedawn"
4    android:versionCode="5"
5    android:versionName="3.5" >
6
7    <uses-sdk
8        android:minSdkVersion="21"
9        android:targetSdkVersion="34" />
10    <!--
11    android:versionCode="4"
12    android:versionName="1.3"
13    -->
14
15
16    <!-- uses-sdk android:minSdkVersion="10" android:targetSdkVersion="19"/ -->
17    <uses-permission android:name="android.permission.RECEIVE_BOOT_COMPLETED" />
17-->src/main/AndroidManifest.xml:8:5-80
17-->src/main/AndroidManifest.xml:8:22-78
18    <uses-permission android:name="android.permission.VIBRATE" />
18-->src/main/AndroidManifest.xml:9:5-65
18-->src/main/AndroidManifest.xml:9:22-63
19    <uses-permission android:name="android.permission.WAKE_LOCK" />
19-->src/main/AndroidManifest.xml:10:5-67
19-->src/main/AndroidManifest.xml:10:22-65
20    <uses-permission android:name="android.permission.READ_EXTERNAL_STORAGE" />
20-->src/main/AndroidManifest.xml:11:5-79
20-->src/main/AndroidManifest.xml:11:22-77
21    <uses-permission android:name="android.permission.SCHEDULE_EXACT_ALARM" />
21-->src/main/AndroidManifest.xml:12:5-79
21-->src/main/AndroidManifest.xml:12:22-76
22    <uses-permission android:name="android.permission.USE_EXACT_ALARM" />
22-->src/main/AndroidManifest.xml:13:5-74
22-->src/main/AndroidManifest.xml:13:22-71
23    <uses-permission android:name="android.permission.POST_NOTIFICATIONS" />
23-->src/main/AndroidManifest.xml:14:5-77
23-->src/main/AndroidManifest.xml:14:22-74
24    <uses-permission android:name="android.permission.USE_FULL_SCREEN_INTENT" />
24-->src/main/AndroidManifest.xml:15:5-81
24-->src/main/AndroidManifest.xml:15:22-78
25    <uses-permission android:name="android.permission.FOREGROUND_SERVICE" />
25-->src/main/AndroidManifest.xml:16:5-77
25-->src/main/AndroidManifest.xml:16:22-74
26    <uses-permission android:name="android.permission.FOREGROUND_SERVICE_MEDIA_PLAYBACK" />
26-->src/main/AndroidManifest.xml:17:5-92
26-->src/main/AndroidManifest.xml:17:22-89
27    <uses-permission android:name="android.permission.FOREGROUND_SERVICE_SPECIAL_USE" />
27-->src/main/AndroidManifest.xml:18:5-89
27-->src/main/AndroidManifest.xml:18:22-86
28    <uses-permission android:name="android.permission.SYSTEM_ALERT_WINDOW" />
28-->src/main/AndroidManifest.xml:19:5-78
28-->src/main/AndroidManifest.xml:19:22-75
29
30    <permission
30-->[androidx.core:core:1.9.0] AndroidManifest.xml:22:5-24:47
31        android:name="org.balau.fakedawn.DYNAMIC_RECEIVER_NOT_EXPORTED_PERMISSION"
31-->[androidx.core:core:1.9.0] AndroidManifest.xml:23:9-81
32        android:protectionLevel="signature" />
32-->[androidx.core:core:1.9.0] AndroidManifest.xml:24:9-44
33
34    <uses-permission android:name="org.balau.fakedawn.DYNAMIC_RECEIVER_NOT_EXPORTED_PERMISSION" /> <!-- supports-screens android:xlargeScreens="true" android:largeScreens="true"/ -->
34-->[androidx.core:core:1.9.0] AndroidManifest.xml:26:5-97
34-->[androidx.core:core:1.9.0] AndroidManifest.xml:26:22-94
35    <application
35-->src/main/AndroidManifest.xml:22:5-63:19
36        android:appComponentFactory="androidx.core.app.CoreComponentFactory"
36-->[androidx.core:core:1.9.0] AndroidManifest.xml:28:18-86
37        android:debuggable="true"
38        android:extractNativeLibs="true"
39        android:icon="@drawable/ic_launcher"
39-->src/main/AndroidManifest.xml:23:9-45
40        android:label="@string/app_name"
40-->src/main/AndroidManifest.xml:24:9-41
41        android:testOnly="true"
42        android:theme="@style/Theme.AppCompat.Light" > <!-- Ajout d'un thème moderne -->
42-->src/main/AndroidManifest.xml:25:9-53
43        <activity
43-->src/main/AndroidManifest.xml:26:9-31:20
44            android:name="org.balau.fakedawn.Preferences"
44-->src/main/AndroidManifest.xml:26:19-46
45            android:exported="true"
45-->src/main/AndroidManifest.xml:26:47-70
46            android:taskAffinity="@string/affinity_preferences" >
46-->src/main/AndroidManifest.xml:26:71-122
47            <intent-filter>
47-->src/main/AndroidManifest.xml:27:13-30:29
48                <category android:name="android.intent.category.LAUNCHER" />
48-->src/main/AndroidManifest.xml:28:17-76
48-->src/main/AndroidManifest.xml:28:27-74
49
50                <action android:name="android.intent.action.MAIN" />
50-->src/main/AndroidManifest.xml:29:17-68
50-->src/main/AndroidManifest.xml:29:25-66
51            </intent-filter>
52        </activity>
53
54        <service
54-->src/main/AndroidManifest.xml:32:9-141
55            android:name="org.balau.fakedawn.Alarm"
55-->src/main/AndroidManifest.xml:32:18-39
56            android:enabled="true"
56-->src/main/AndroidManifest.xml:32:40-62
57            android:exported="false"
57-->src/main/AndroidManifest.xml:32:106-130
58            android:foregroundServiceType="specialUse" />
58-->src/main/AndroidManifest.xml:32:63-105
59
60        <activity
60-->src/main/AndroidManifest.xml:33:9-41:61
61            android:name="org.balau.fakedawn.Dawn"
61-->src/main/AndroidManifest.xml:34:13-33
62            android:excludeFromRecents="true"
62-->src/main/AndroidManifest.xml:38:13-46
63            android:exported="false"
63-->src/main/AndroidManifest.xml:36:13-37
64            android:launchMode="singleInstance"
64-->src/main/AndroidManifest.xml:40:13-48
65            android:noHistory="true"
65-->src/main/AndroidManifest.xml:39:13-37
66            android:screenOrientation="portrait"
66-->src/main/AndroidManifest.xml:41:13-49
67            android:taskAffinity="@string/affinity_dawn"
67-->src/main/AndroidManifest.xml:37:13-57
68            android:theme="@style/Theme.FakeDawn.FullScreen" />
68-->src/main/AndroidManifest.xml:35:13-61
69
70        <receiver
70-->src/main/AndroidManifest.xml:42:9-46:20
71            android:name="org.balau.fakedawn.StartAtBoot"
71-->src/main/AndroidManifest.xml:42:19-46
72            android:exported="true" >
72-->src/main/AndroidManifest.xml:42:47-70
73            <intent-filter>
73-->src/main/AndroidManifest.xml:43:13-45:29
74                <action android:name="android.intent.action.BOOT_COMPLETED" />
74-->src/main/AndroidManifest.xml:44:17-78
74-->src/main/AndroidManifest.xml:44:25-76
75            </intent-filter>
76        </receiver>
77
78        <service
78-->src/main/AndroidManifest.xml:47:9-79
79            android:name="org.balau.fakedawn.DawnSound"
79-->src/main/AndroidManifest.xml:47:18-43
80            android:exported="false" />
80-->src/main/AndroidManifest.xml:47:44-68
81
82        <activity
82-->src/main/AndroidManifest.xml:48:9-79
83            android:name="org.balau.fakedawn.License"
83-->src/main/AndroidManifest.xml:48:19-42
84            android:exported="false" />
84-->src/main/AndroidManifest.xml:48:43-67
85
86        <receiver
86-->src/main/AndroidManifest.xml:49:9-56:20
87            android:name="org.balau.fakedawn.AlarmReceiver"
87-->src/main/AndroidManifest.xml:49:19-48
88            android:exported="true" >
88-->src/main/AndroidManifest.xml:49:49-72
89            <intent-filter>
89-->src/main/AndroidManifest.xml:50:13-52:29
90                <action android:name="org.balau.fakedawn.AlarmReceiver.ACTION_START_ALARM" />
90-->src/main/AndroidManifest.xml:51:17-93
90-->src/main/AndroidManifest.xml:51:25-91
91            </intent-filter>
92            <intent-filter>
92-->src/main/AndroidManifest.xml:53:13-55:29
93                <action android:name="org.balau.fakedawn.AlarmReceiver.ACTION_STOP_ALARM" />
93-->src/main/AndroidManifest.xml:54:17-92
93-->src/main/AndroidManifest.xml:54:25-90
94            </intent-filter>
95        </receiver>
96        <receiver
96-->src/main/AndroidManifest.xml:57:9-62:20
97            android:name="org.balau.fakedawn.InstallationReceiver"
97-->src/main/AndroidManifest.xml:57:19-55
98            android:exported="true" >
98-->src/main/AndroidManifest.xml:57:56-79
99            <intent-filter>
99-->src/main/AndroidManifest.xml:58:13-61:29
100                <action android:name="android.intent.action.PACKAGE_REPLACED" />
100-->src/main/AndroidManifest.xml:59:17-80
100-->src/main/AndroidManifest.xml:59:25-78
101
102                <data android:scheme="package" />
102-->src/main/AndroidManifest.xml:60:17-49
102-->src/main/AndroidManifest.xml:60:23-47
103            </intent-filter>
104        </receiver>
105
106        <provider
106-->[androidx.emoji2:emoji2:1.2.0] AndroidManifest.xml:24:9-32:20
107            android:name="androidx.startup.InitializationProvider"
107-->[androidx.emoji2:emoji2:1.2.0] AndroidManifest.xml:25:13-67
108            android:authorities="org.balau.fakedawn.androidx-startup"
108-->[androidx.emoji2:emoji2:1.2.0] AndroidManifest.xml:26:13-68
109            android:exported="false" >
109-->[androidx.emoji2:emoji2:1.2.0] AndroidManifest.xml:27:13-37
110            <meta-data
110-->[androidx.emoji2:emoji2:1.2.0] AndroidManifest.xml:29:13-31:52
111                android:name="androidx.emoji2.text.EmojiCompatInitializer"
111-->[androidx.emoji2:emoji2:1.2.0] AndroidManifest.xml:30:17-75
112                android:value="androidx.startup" />
112-->[androidx.emoji2:emoji2:1.2.0] AndroidManifest.xml:31:17-49
113            <meta-data
113-->[androidx.lifecycle:lifecycle-process:2.6.1] AndroidManifest.xml:29:13-31:52
114                android:name="androidx.lifecycle.ProcessLifecycleInitializer"
114-->[androidx.lifecycle:lifecycle-process:2.6.1] AndroidManifest.xml:30:17-78
115                android:value="androidx.startup" />
115-->[androidx.lifecycle:lifecycle-process:2.6.1] AndroidManifest.xml:31:17-49
116            <meta-data
116-->[androidx.profileinstaller:profileinstaller:1.3.0] AndroidManifest.xml:29:13-31:52
117                android:name="androidx.profileinstaller.ProfileInstallerInitializer"
117-->[androidx.profileinstaller:profileinstaller:1.3.0] AndroidManifest.xml:30:17-85
118                android:value="androidx.startup" />
118-->[androidx.profileinstaller:profileinstaller:1.3.0] AndroidManifest.xml:31:17-49
119        </provider>
120
121        <uses-library
121-->[androidx.window:window:1.0.0] AndroidManifest.xml:25:9-27:40
122            android:name="androidx.window.extensions"
122-->[androidx.window:window:1.0.0] AndroidManifest.xml:26:13-54
123            android:required="false" />
123-->[androidx.window:window:1.0.0] AndroidManifest.xml:27:13-37
124        <uses-library
124-->[androidx.window:window:1.0.0] AndroidManifest.xml:28:9-30:40
125            android:name="androidx.window.sidecar"
125-->[androidx.window:window:1.0.0] AndroidManifest.xml:29:13-51
126            android:required="false" />
126-->[androidx.window:window:1.0.0] AndroidManifest.xml:30:13-37
127
128        <receiver
128-->[androidx.profileinstaller:profileinstaller:1.3.0] AndroidManifest.xml:34:9-52:20
129            android:name="androidx.profileinstaller.ProfileInstallReceiver"
129-->[androidx.profileinstaller:profileinstaller:1.3.0] AndroidManifest.xml:35:13-76
130            android:directBootAware="false"
130-->[androidx.profileinstaller:profileinstaller:1.3.0] AndroidManifest.xml:36:13-44
131            android:enabled="true"
131-->[androidx.profileinstaller:profileinstaller:1.3.0] AndroidManifest.xml:37:13-35
132            android:exported="true"
132-->[androidx.profileinstaller:profileinstaller:1.3.0] AndroidManifest.xml:38:13-36
133            android:permission="android.permission.DUMP" >
133-->[androidx.profileinstaller:profileinstaller:1.3.0] AndroidManifest.xml:39:13-57
134            <intent-filter>
134-->[androidx.profileinstaller:profileinstaller:1.3.0] AndroidManifest.xml:40:13-42:29
135                <action android:name="androidx.profileinstaller.action.INSTALL_PROFILE" />
135-->[androidx.profileinstaller:profileinstaller:1.3.0] AndroidManifest.xml:41:17-91
135-->[androidx.profileinstaller:profileinstaller:1.3.0] AndroidManifest.xml:41:25-88
136            </intent-filter>
137            <intent-filter>
137-->[androidx.profileinstaller:profileinstaller:1.3.0] AndroidManifest.xml:43:13-45:29
138                <action android:name="androidx.profileinstaller.action.SKIP_FILE" />
138-->[androidx.profileinstaller:profileinstaller:1.3.0] AndroidManifest.xml:44:17-85
138-->[androidx.profileinstaller:profileinstaller:1.3.0] AndroidManifest.xml:44:25-82
139            </intent-filter>
140            <intent-filter>
140-->[androidx.profileinstaller:profileinstaller:1.3.0] AndroidManifest.xml:46:13-48:29
141                <action android:name="androidx.profileinstaller.action.SAVE_PROFILE" />
141-->[androidx.profileinstaller:profileinstaller:1.3.0] AndroidManifest.xml:47:17-88
141-->[androidx.profileinstaller:profileinstaller:1.3.0] AndroidManifest.xml:47:25-85
142            </intent-filter>
143            <intent-filter>
143-->[androidx.profileinstaller:profileinstaller:1.3.0] AndroidManifest.xml:49:13-51:29
144                <action android:name="androidx.profileinstaller.action.BENCHMARK_OPERATION" />
144-->[androidx.profileinstaller:profileinstaller:1.3.0] AndroidManifest.xml:50:17-95
144-->[androidx.profileinstaller:profileinstaller:1.3.0] AndroidManifest.xml:50:25-92
145            </intent-filter>
146        </receiver>
147    </application>
148
149</manifest>